*** Starting uWSGI 2.0.20 (64bit) on [Wed Nov  3 08:38:01 2021] ***
compiled with version: 9.3.0 on 02 November 2021 14:16:52
os: Linux-5.4.0-47-generic #51-Ubuntu SMP Fri Sep 4 19:50:52 UTC 2020
nodename: iZbp14gtjtt25qifa26ex0Z
machine: x86_64
clock source: unix
detected number of CPU cores: 2
current working directory: /root/my-blog
writing pidfile to uwsgi.pid
detected binary path: /usr/local/bin/uwsgi
!!! no internal routing support, rebuild with pcre support !!!
uWSGI running as root, you can use --uid/--gid/--chroot options
*** WARNING: you are running uWSGI as root !!! (use the --uid flag) *** 
chdir() to /root/my-blog
your processes number limit is 7310
your memory page size is 4096 bytes
detected max file descriptor number: 65535
lock engine: pthread robust mutexes
thunder lock: disabled (you can enable it with --thunder-lock)
uWSGI http bound on 0.0.0.0:5200 fd 4
uwsgi socket 0 bound to TCP address 127.0.0.1:41703 (port auto-assigned) fd 3
uWSGI running as root, you can use --uid/--gid/--chroot options
*** WARNING: you are running uWSGI as root !!! (use the --uid flag) *** 
Python version: 3.8.10 (default, Sep 28 2021, 16:10:42)  [GCC 9.3.0]
PEP 405 virtualenv detected: /root/my-blog/env
Set PythonHome to /root/my-blog/env
Python main interpreter initialized at 0x5576801d4720
uWSGI running as root, you can use --uid/--gid/--chroot options
*** WARNING: you are running uWSGI as root !!! (use the --uid flag) *** 
python threads support enabled
your server socket listen backlog is limited to 100 connections
your mercy for graceful operations on workers is 60 seconds
mapped 500592 bytes (488 KB) for 20 cores
*** Operational MODE: preforking+threaded ***
WSGI app 0 (mountpoint='') ready in 0 seconds on interpreter 0x5576801d4720 pid: 26910 (default app)
uWSGI running as root, you can use --uid/--gid/--chroot options
*** WARNING: you are running uWSGI as root !!! (use the --uid flag) *** 
*** uWSGI is running in multiple interpreter mode ***
spawned uWSGI master process (pid: 26910)
spawned uWSGI worker 1 (pid: 26912, cores: 10)
spawned uWSGI worker 2 (pid: 26913, cores: 10)
spawned uWSGI http 1 (pid: 26923)
gateway "uWSGI http 1" has been buried (pid: 26923)
...gracefully killing workers...
Gracefully killing worker 2 (pid: 26913)...
Gracefully killing worker 1 (pid: 26912)...
worker 1 buried after 1 seconds
worker 2 buried after 1 seconds
binary reloading uWSGI...
chdir() to /root/my-blog
closing all non-uwsgi socket fds > 2 (max_fd = 65535)...
found fd 3 mapped to socket 0 (127.0.0.1:41703)
running /usr/local/bin/uwsgi
[uWSGI] getting INI configuration from uwsgi.ini
*** Starting uWSGI 2.0.20 (64bit) on [Wed Nov  3 08:39:02 2021] ***
compiled with version: 9.3.0 on 02 November 2021 14:16:52
os: Linux-5.4.0-47-generic #51-Ubuntu SMP Fri Sep 4 19:50:52 UTC 2020
nodename: iZbp14gtjtt25qifa26ex0Z
machine: x86_64
clock source: unix
detected number of CPU cores: 2
current working directory: /root/my-blog
detected binary path: /usr/local/bin/uwsgi
!!! no internal routing support, rebuild with pcre support !!!
uWSGI running as root, you can use --uid/--gid/--chroot options
*** WARNING: you are running uWSGI as root !!! (use the --uid flag) *** 
chdir() to /root/my-blog
your processes number limit is 7310
your memory page size is 4096 bytes
detected max file descriptor number: 65535
lock engine: pthread robust mutexes
thunder lock: disabled (you can enable it with --thunder-lock)
uWSGI http bound on 0.0.0.0:5000 fd 5
uwsgi socket 0 bound to TCP address 127.0.0.1:46525 (port auto-assigned) fd 4
uWSGI running as root, you can use --uid/--gid/--chroot options
*** WARNING: you are running uWSGI as root !!! (use the --uid flag) *** 
Python version: 3.8.10 (default, Sep 28 2021, 16:10:42)  [GCC 9.3.0]
PEP 405 virtualenv detected: /root/my-blog/env
Set PythonHome to /root/my-blog/env
Python main interpreter initialized at 0x55c4de377500
uWSGI running as root, you can use --uid/--gid/--chroot options
*** WARNING: you are running uWSGI as root !!! (use the --uid flag) *** 
python threads support enabled
your server socket listen backlog is limited to 100 connections
your mercy for graceful operations on workers is 60 seconds
mapped 500592 bytes (488 KB) for 20 cores
*** Operational MODE: preforking+threaded ***
WSGI app 0 (mountpoint='') ready in 1 seconds on interpreter 0x55c4de377500 pid: 26910 (default app)
uWSGI running as root, you can use --uid/--gid/--chroot options
*** WARNING: you are running uWSGI as root !!! (use the --uid flag) *** 
*** uWSGI is running in multiple interpreter mode ***
gracefully (RE)spawned uWSGI master process (pid: 26910)
spawned uWSGI worker 1 (pid: 27098, cores: 10)
spawned uWSGI worker 2 (pid: 27099, cores: 10)
spawned uWSGI http 1 (pid: 27100)
[pid: 27099|app: 0|req: 1/1] 112.122.10.247 () {36 vars in 686 bytes} [Wed Nov  3 08:39:18 2021] GET / => generated 9417 bytes in 48 msecs (HTTP/1.1 200) 2 headers in 81 bytes (1 switches on core 0)
[pid: 27098|app: 0|req: 1/2] 112.122.10.247 () {36 vars in 606 bytes} [Wed Nov  3 08:39:18 2021] GET /static/style.css => generated 3467 bytes in 6 msecs via sendfile() (HTTP/1.1 200) 6 headers in 237 bytes (0 switches on core 0)
[pid: 27099|app: 0|req: 2/3] 112.122.10.247 () {36 vars in 652 bytes} [Wed Nov  3 08:39:18 2021] GET /static/test2.jpg => generated 85674 bytes in 3 msecs via sendfile() (HTTP/1.1 200) 6 headers in 225 bytes (0 switches on core 9)
[pid: 27099|app: 0|req: 3/4] 112.122.10.247 () {36 vars in 666 bytes} [Wed Nov  3 08:39:18 2021] GET /static/base.png => generated 1818093 bytes in 1 msecs via sendfile() (HTTP/1.1 200) 6 headers in 225 bytes (0 switches on core 7)
[pid: 27098|app: 0|req: 2/5] 112.122.10.247 () {36 vars in 642 bytes} [Wed Nov  3 08:39:20 2021] GET /favicon.ico => generated 232 bytes in 1 msecs (HTTP/1.1 404) 2 headers in 87 bytes (1 switches on core 9)
[pid: 27099|app: 0|req: 4/6] 112.122.10.247 () {38 vars in 717 bytes} [Wed Nov  3 08:40:28 2021] GET / => generated 9417 bytes in 18 msecs (HTTP/1.1 200) 2 headers in 81 bytes (1 switches on core 8)
[pid: 27099|app: 0|req: 5/7] 112.122.10.247 () {38 vars in 661 bytes} [Wed Nov  3 08:40:28 2021] GET /static/style.css => generated 0 bytes in 1 msecs (HTTP/1.1 304) 3 headers in 140 bytes (0 switches on core 1)
[pid: 27098|app: 0|req: 3/8] 112.122.10.247 () {38 vars in 707 bytes} [Wed Nov  3 08:40:28 2021] GET /static/test2.jpg => generated 0 bytes in 1 msecs (HTTP/1.1 304) 3 headers in 140 bytes (0 switches on core 6)
[pid: 27098|app: 0|req: 4/9] 112.122.10.247 () {38 vars in 721 bytes} [Wed Nov  3 08:40:28 2021] GET /static/base.png => generated 0 bytes in 1 msecs (HTTP/1.1 304) 3 headers in 139 bytes (0 switches on core 3)
[pid: 27098|app: 0|req: 5/10] 112.122.10.247 () {38 vars in 717 bytes} [Wed Nov  3 08:40:29 2021] GET / => generated 9417 bytes in 38 msecs (HTTP/1.1 200) 2 headers in 81 bytes (1 switches on core 2)
[pid: 27098|app: 0|req: 6/11] 112.122.10.247 () {38 vars in 661 bytes} [Wed Nov  3 08:40:29 2021] GET /static/style.css => generated 0 bytes in 1 msecs (HTTP/1.1 304) 3 headers in 140 bytes (0 switches on core 1)
[pid: 27099|app: 0|req: 6/12] 112.122.10.247 () {38 vars in 707 bytes} [Wed Nov  3 08:40:29 2021] GET /static/test2.jpg => generated 0 bytes in 1 msecs (HTTP/1.1 304) 3 headers in 140 bytes (0 switches on core 2)
[pid: 27099|app: 0|req: 7/13] 223.104.191.16 () {36 vars in 1001 bytes} [Wed Nov  3 08:42:16 2021] GET / => generated 9417 bytes in 11 msecs (HTTP/1.1 200) 2 headers in 81 bytes (1 switches on core 6)
[pid: 27098|app: 0|req: 7/14] 223.104.191.16 () {36 vars in 887 bytes} [Wed Nov  3 08:42:16 2021] GET /static/style.css => generated 3467 bytes in 1 msecs via sendfile() (HTTP/1.1 200) 6 headers in 237 bytes (0 switches on core 7)
[pid: 27099|app: 0|req: 8/15] 223.104.191.16 () {36 vars in 967 bytes} [Wed Nov  3 08:42:16 2021] GET /static/test2.jpg => generated 85674 bytes in 1 msecs via sendfile() (HTTP/1.1 200) 6 headers in 225 bytes (0 switches on core 0)
[pid: 27098|app: 0|req: 8/16] 223.104.191.16 () {36 vars in 981 bytes} [Wed Nov  3 08:42:16 2021] GET /static/base.png => generated 1818093 bytes in 1 msecs via sendfile() (HTTP/1.1 200) 6 headers in 225 bytes (0 switches on core 8)
[pid: 27099|app: 0|req: 9/17] 223.104.191.16 () {36 vars in 957 bytes} [Wed Nov  3 08:42:18 2021] GET /favicon.ico => generated 232 bytes in 0 msecs (HTTP/1.1 404) 2 headers in 87 bytes (1 switches on core 7)
[pid: 27099|app: 0|req: 10/18] 112.122.10.247 () {38 vars in 717 bytes} [Wed Nov  3 08:42:39 2021] GET / => generated 9417 bytes in 11 msecs (HTTP/1.1 200) 2 headers in 81 bytes (1 switches on core 7)
[pid: 27099|app: 0|req: 11/19] 112.122.10.247 () {38 vars in 661 bytes} [Wed Nov  3 08:42:39 2021] GET /static/style.css => generated 0 bytes in 1 msecs (HTTP/1.1 304) 3 headers in 140 bytes (0 switches on core 1)
[pid: 27099|app: 0|req: 12/20] 112.122.10.247 () {38 vars in 707 bytes} [Wed Nov  3 08:42:39 2021] GET /static/test2.jpg => generated 0 bytes in 1 msecs (HTTP/1.1 304) 3 headers in 140 bytes (0 switches on core 3)
[pid: 27099|app: 0|req: 13/21] 112.122.10.247 () {38 vars in 717 bytes} [Wed Nov  3 08:42:41 2021] GET / => generated 9417 bytes in 10 msecs (HTTP/1.1 200) 2 headers in 81 bytes (1 switches on core 4)
[pid: 27099|app: 0|req: 14/22] 112.122.10.247 () {38 vars in 661 bytes} [Wed Nov  3 08:42:41 2021] GET /static/style.css => generated 0 bytes in 1 msecs (HTTP/1.1 304) 3 headers in 140 bytes (0 switches on core 2)
[pid: 27098|app: 0|req: 9/23] 112.122.10.247 () {38 vars in 707 bytes} [Wed Nov  3 08:42:41 2021] GET /static/test2.jpg => generated 0 bytes in 1 msecs (HTTP/1.1 304) 3 headers in 140 bytes (0 switches on core 0)
[pid: 27098|app: 0|req: 10/24] 112.122.10.247 () {38 vars in 717 bytes} [Wed Nov  3 08:42:55 2021] GET / => generated 9417 bytes in 11 msecs (HTTP/1.1 200) 2 headers in 81 bytes (1 switches on core 9)
[pid: 27099|app: 0|req: 15/25] 112.122.10.247 () {38 vars in 661 bytes} [Wed Nov  3 08:42:55 2021] GET /static/style.css => generated 0 bytes in 1 msecs (HTTP/1.1 304) 3 headers in 140 bytes (0 switches on core 6)
[pid: 27098|app: 0|req: 11/26] 112.122.10.247 () {38 vars in 707 bytes} [Wed Nov  3 08:42:55 2021] GET /static/test2.jpg => generated 0 bytes in 1 msecs (HTTP/1.1 304) 3 headers in 140 bytes (0 switches on core 4)
gateway "uWSGI http 1" has been buried (pid: 27100)
...gracefully killing workers...
Gracefully killing worker 1 (pid: 27098)...
Gracefully killing worker 2 (pid: 27099)...
worker 1 buried after 1 seconds
worker 2 buried after 1 seconds
binary reloading uWSGI...
chdir() to /root/my-blog
closing all non-uwsgi socket fds > 2 (max_fd = 65535)...
found fd 4 mapped to socket 0 (127.0.0.1:46525)
running /usr/local/bin/uwsgi
[uWSGI] getting INI configuration from uwsgi.ini
*** Starting uWSGI 2.0.20 (64bit) on [Wed Nov  3 08:42:59 2021] ***
compiled with version: 9.3.0 on 02 November 2021 14:16:52
os: Linux-5.4.0-47-generic #51-Ubuntu SMP Fri Sep 4 19:50:52 UTC 2020
nodename: iZbp14gtjtt25qifa26ex0Z
machine: x86_64
clock source: unix
detected number of CPU cores: 2
current working directory: /root/my-blog
detected binary path: /usr/local/bin/uwsgi
!!! no internal routing support, rebuild with pcre support !!!
uWSGI running as root, you can use --uid/--gid/--chroot options
*** WARNING: you are running uWSGI as root !!! (use the --uid flag) *** 
chdir() to /root/my-blog
your processes number limit is 7310
your memory page size is 4096 bytes
detected max file descriptor number: 65535
lock engine: pthread robust mutexes
thunder lock: disabled (you can enable it with --thunder-lock)
uWSGI http bound on 0.0.0.0:5000 fd 5
uwsgi socket 0 bound to TCP address 127.0.0.1:33319 (port auto-assigned) fd 3
uWSGI running as root, you can use --uid/--gid/--chroot options
*** WARNING: you are running uWSGI as root !!! (use the --uid flag) *** 
Python version: 3.8.10 (default, Sep 28 2021, 16:10:42)  [GCC 9.3.0]
PEP 405 virtualenv detected: /root/my-blog/env
Set PythonHome to /root/my-blog/env
Python main interpreter initialized at 0x5591f12e0500
uWSGI running as root, you can use --uid/--gid/--chroot options
*** WARNING: you are running uWSGI as root !!! (use the --uid flag) *** 
python threads support enabled
your server socket listen backlog is limited to 100 connections
your mercy for graceful operations on workers is 60 seconds
mapped 500592 bytes (488 KB) for 20 cores
*** Operational MODE: preforking+threaded ***
WSGI app 0 (mountpoint='') ready in 0 seconds on interpreter 0x5591f12e0500 pid: 26910 (default app)
uWSGI running as root, you can use --uid/--gid/--chroot options
*** WARNING: you are running uWSGI as root !!! (use the --uid flag) *** 
*** uWSGI is running in multiple interpreter mode ***
gracefully (RE)spawned uWSGI master process (pid: 26910)
spawned uWSGI worker 1 (pid: 27568, cores: 10)
spawned uWSGI worker 2 (pid: 27569, cores: 10)
spawned uWSGI http 1 (pid: 27579)
[pid: 27569|app: 0|req: 1/1] 112.122.10.247 () {38 vars in 717 bytes} [Wed Nov  3 08:43:01 2021] GET / => generated 9376 bytes in 48 msecs (HTTP/1.1 200) 2 headers in 81 bytes (1 switches on core 0)
[pid: 27569|app: 0|req: 2/2] 112.122.10.247 () {38 vars in 661 bytes} [Wed Nov  3 08:43:01 2021] GET /static/style.css => generated 0 bytes in 2 msecs (HTTP/1.1 304) 3 headers in 140 bytes (0 switches on core 8)
[pid: 27569|app: 0|req: 3/3] 112.122.10.247 () {38 vars in 707 bytes} [Wed Nov  3 08:43:01 2021] GET /static/test2.jpg => generated 0 bytes in 1 msecs (HTTP/1.1 304) 3 headers in 140 bytes (0 switches on core 9)
gateway "uWSGI http 1" has been buried (pid: 27579)
...gracefully killing workers...
Gracefully killing worker 2 (pid: 27569)...
Gracefully killing worker 1 (pid: 27568)...
worker 1 buried after 1 seconds
worker 2 buried after 1 seconds
binary reloading uWSGI...
chdir() to /root/my-blog
closing all non-uwsgi socket fds > 2 (max_fd = 65535)...
found fd 3 mapped to socket 0 (127.0.0.1:33319)
running /usr/local/bin/uwsgi
[uWSGI] getting INI configuration from uwsgi.ini
*** Starting uWSGI 2.0.20 (64bit) on [Wed Nov  3 08:43:22 2021] ***
compiled with version: 9.3.0 on 02 November 2021 14:16:52
os: Linux-5.4.0-47-generic #51-Ubuntu SMP Fri Sep 4 19:50:52 UTC 2020
nodename: iZbp14gtjtt25qifa26ex0Z
machine: x86_64
clock source: unix
detected number of CPU cores: 2
current working directory: /root/my-blog
detected binary path: /usr/local/bin/uwsgi
!!! no internal routing support, rebuild with pcre support !!!
uWSGI running as root, you can use --uid/--gid/--chroot options
*** WARNING: you are running uWSGI as root !!! (use the --uid flag) *** 
chdir() to /root/my-blog
your processes number limit is 7310
your memory page size is 4096 bytes
detected max file descriptor number: 65535
lock engine: pthread robust mutexes
thunder lock: disabled (you can enable it with --thunder-lock)
uWSGI http bound on 0.0.0.0:5000 fd 5
uwsgi socket 0 bound to TCP address 127.0.0.1:32793 (port auto-assigned) fd 4
uWSGI running as root, you can use --uid/--gid/--chroot options
*** WARNING: you are running uWSGI as root !!! (use the --uid flag) *** 
Python version: 3.8.10 (default, Sep 28 2021, 16:10:42)  [GCC 9.3.0]
PEP 405 virtualenv detected: /root/my-blog/env
Set PythonHome to /root/my-blog/env
Python main interpreter initialized at 0x555e51ec4500
uWSGI running as root, you can use --uid/--gid/--chroot options
*** WARNING: you are running uWSGI as root !!! (use the --uid flag) *** 
python threads support enabled
your server socket listen backlog is limited to 100 connections
your mercy for graceful operations on workers is 60 seconds
mapped 500592 bytes (488 KB) for 20 cores
*** Operational MODE: preforking+threaded ***
WSGI app 0 (mountpoint='') ready in 1 seconds on interpreter 0x555e51ec4500 pid: 26910 (default app)
uWSGI running as root, you can use --uid/--gid/--chroot options
*** WARNING: you are running uWSGI as root !!! (use the --uid flag) *** 
*** uWSGI is running in multiple interpreter mode ***
gracefully (RE)spawned uWSGI master process (pid: 26910)
spawned uWSGI worker 1 (pid: 27661, cores: 10)
spawned uWSGI worker 2 (pid: 27662, cores: 10)
spawned uWSGI http 1 (pid: 27663)
[pid: 27661|app: 0|req: 1/1] 112.122.10.247 () {38 vars in 717 bytes} [Wed Nov  3 08:43:26 2021] GET / => generated 9417 bytes in 45 msecs (HTTP/1.1 200) 2 headers in 81 bytes (1 switches on core 0)
[pid: 27661|app: 0|req: 2/2] 112.122.10.247 () {38 vars in 661 bytes} [Wed Nov  3 08:43:26 2021] GET /static/style.css => generated 0 bytes in 2 msecs (HTTP/1.1 304) 3 headers in 140 bytes (0 switches on core 9)
[pid: 27661|app: 0|req: 3/3] 112.122.10.247 () {38 vars in 707 bytes} [Wed Nov  3 08:43:26 2021] GET /static/test2.jpg => generated 0 bytes in 1 msecs (HTTP/1.1 304) 3 headers in 140 bytes (0 switches on core 3)
[pid: 27661|app: 0|req: 4/4] 112.122.10.247 () {38 vars in 721 bytes} [Wed Nov  3 08:43:26 2021] GET /static/base.png => generated 0 bytes in 1 msecs (HTTP/1.1 304) 3 headers in 139 bytes (0 switches on core 2)
[pid: 27662|app: 0|req: 1/5] 117.136.101.45 () {36 vars in 1008 bytes} [Wed Nov  3 08:43:48 2021] GET / => generated 9417 bytes in 44 msecs (HTTP/1.1 200) 2 headers in 81 bytes (1 switches on core 1)
[pid: 27661|app: 0|req: 5/6] 117.136.101.45 () {36 vars in 974 bytes} [Wed Nov  3 08:43:48 2021] GET /static/test2.jpg => generated 85674 bytes in 1 msecs via sendfile() (HTTP/1.1 200) 6 headers in 225 bytes (0 switches on core 4)
[pid: 27662|app: 0|req: 2/7] 117.136.101.45 () {36 vars in 894 bytes} [Wed Nov  3 08:43:48 2021] GET /static/style.css => generated 3467 bytes in 2 msecs via sendfile() (HTTP/1.1 200) 6 headers in 237 bytes (0 switches on core 2)
[pid: 27661|app: 0|req: 6/8] 117.136.101.45 () {36 vars in 988 bytes} [Wed Nov  3 08:43:48 2021] GET /static/base.png => generated 1818093 bytes in 1 msecs via sendfile() (HTTP/1.1 200) 6 headers in 225 bytes (0 switches on core 5)
[pid: 27662|app: 0|req: 3/9] 117.136.101.45 () {36 vars in 964 bytes} [Wed Nov  3 08:43:50 2021] GET /favicon.ico => generated 232 bytes in 0 msecs (HTTP/1.1 404) 2 headers in 87 bytes (1 switches on core 3)
[pid: 27662|app: 0|req: 4/10] 117.136.101.45 () {36 vars in 1008 bytes} [Wed Nov  3 08:44:35 2021] GET / => generated 9417 bytes in 11 msecs (HTTP/1.1 200) 2 headers in 81 bytes (1 switches on core 6)
[pid: 27662|app: 0|req: 5/11] 117.136.101.45 () {38 vars in 949 bytes} [Wed Nov  3 08:44:35 2021] GET /static/style.css => generated 0 bytes in 1 msecs (HTTP/1.1 304) 3 headers in 140 bytes (0 switches on core 7)
[pid: 27662|app: 0|req: 6/12] 117.136.101.45 () {38 vars in 1029 bytes} [Wed Nov  3 08:44:35 2021] GET /static/test2.jpg => generated 0 bytes in 1 msecs (HTTP/1.1 304) 3 headers in 140 bytes (0 switches on core 9)
[pid: 27661|app: 0|req: 7/13] 117.136.101.45 () {38 vars in 1044 bytes} [Wed Nov  3 08:44:36 2021] GET /static/base.png => generated 0 bytes in 1 msecs (HTTP/1.1 304) 3 headers in 139 bytes (0 switches on core 6)
[pid: 27661|app: 0|req: 8/14] 117.136.101.45 () {36 vars in 965 bytes} [Wed Nov  3 08:44:36 2021] GET /favicon.ico => generated 232 bytes in 0 msecs (HTTP/1.1 404) 2 headers in 87 bytes (1 switches on core 1)
gateway "uWSGI http 1" has been buried (pid: 27663)
...gracefully killing workers...
Gracefully killing worker 1 (pid: 27661)...
Gracefully killing worker 2 (pid: 27662)...
worker 1 buried after 1 seconds
worker 2 buried after 1 seconds
binary reloading uWSGI...
chdir() to /root/my-blog
closing all non-uwsgi socket fds > 2 (max_fd = 65535)...
found fd 4 mapped to socket 0 (127.0.0.1:32793)
running /usr/local/bin/uwsgi
[uWSGI] getting INI configuration from uwsgi.ini
*** Starting uWSGI 2.0.20 (64bit) on [Wed Nov  3 08:45:57 2021] ***
compiled with version: 9.3.0 on 02 November 2021 14:16:52
os: Linux-5.4.0-47-generic #51-Ubuntu SMP Fri Sep 4 19:50:52 UTC 2020
nodename: iZbp14gtjtt25qifa26ex0Z
machine: x86_64
clock source: unix
detected number of CPU cores: 2
current working directory: /root/my-blog
detected binary path: /usr/local/bin/uwsgi
!!! no internal routing support, rebuild with pcre support !!!
uWSGI running as root, you can use --uid/--gid/--chroot options
*** WARNING: you are running uWSGI as root !!! (use the --uid flag) *** 
chdir() to /root/my-blog
your processes number limit is 7310
your memory page size is 4096 bytes
detected max file descriptor number: 65535
lock engine: pthread robust mutexes
thunder lock: disabled (you can enable it with --thunder-lock)
uWSGI http bound on 0.0.0.0:5000 fd 5
uwsgi socket 0 bound to TCP address 127.0.0.1:45361 (port auto-assigned) fd 3
uWSGI running as root, you can use --uid/--gid/--chroot options
*** WARNING: you are running uWSGI as root !!! (use the --uid flag) *** 
Python version: 3.8.10 (default, Sep 28 2021, 16:10:42)  [GCC 9.3.0]
PEP 405 virtualenv detected: /root/my-blog/env
Set PythonHome to /root/my-blog/env
Python main interpreter initialized at 0x55f6fab04500
uWSGI running as root, you can use --uid/--gid/--chroot options
*** WARNING: you are running uWSGI as root !!! (use the --uid flag) *** 
python threads support enabled
your server socket listen backlog is limited to 100 connections
your mercy for graceful operations on workers is 60 seconds
mapped 500592 bytes (488 KB) for 20 cores
*** Operational MODE: preforking+threaded ***
WSGI app 0 (mountpoint='') ready in 1 seconds on interpreter 0x55f6fab04500 pid: 26910 (default app)
uWSGI running as root, you can use --uid/--gid/--chroot options
*** WARNING: you are running uWSGI as root !!! (use the --uid flag) *** 
*** uWSGI is running in multiple interpreter mode ***
gracefully (RE)spawned uWSGI master process (pid: 26910)
spawned uWSGI worker 1 (pid: 27971, cores: 10)
spawned uWSGI worker 2 (pid: 27972, cores: 10)
spawned uWSGI http 1 (pid: 27973)
[pid: 27971|app: 0|req: 1/1] 112.122.10.247 () {38 vars in 717 bytes} [Wed Nov  3 08:45:59 2021] GET / => generated 9417 bytes in 48 msecs (HTTP/1.1 200) 2 headers in 81 bytes (1 switches on core 0)
[pid: 27972|app: 0|req: 1/2] 112.122.10.247 () {38 vars in 661 bytes} [Wed Nov  3 08:45:59 2021] GET /static/style.css => generated 3371 bytes in 5 msecs via sendfile() (HTTP/1.1 200) 6 headers in 237 bytes (0 switches on core 0)
[pid: 27972|app: 0|req: 2/3] 112.122.10.247 () {38 vars in 707 bytes} [Wed Nov  3 08:45:59 2021] GET /static/test2.jpg => generated 0 bytes in 1 msecs (HTTP/1.1 304) 3 headers in 140 bytes (0 switches on core 1)
[pid: 27972|app: 0|req: 3/4] 112.122.10.247 () {38 vars in 721 bytes} [Wed Nov  3 08:45:59 2021] GET /static/base.png => generated 0 bytes in 1 msecs (HTTP/1.1 304) 3 headers in 139 bytes (0 switches on core 9)
gateway "uWSGI http 1" has been buried (pid: 27973)
...gracefully killing workers...
Gracefully killing worker 1 (pid: 27971)...
Gracefully killing worker 2 (pid: 27972)...
worker 1 buried after 1 seconds
worker 2 buried after 1 seconds
binary reloading uWSGI...
chdir() to /root/my-blog
closing all non-uwsgi socket fds > 2 (max_fd = 65535)...
found fd 3 mapped to socket 0 (127.0.0.1:45361)
running /usr/local/bin/uwsgi
[uWSGI] getting INI configuration from uwsgi.ini
*** Starting uWSGI 2.0.20 (64bit) on [Wed Nov  3 08:47:05 2021] ***
compiled with version: 9.3.0 on 02 November 2021 14:16:52
os: Linux-5.4.0-47-generic #51-Ubuntu SMP Fri Sep 4 19:50:52 UTC 2020
nodename: iZbp14gtjtt25qifa26ex0Z
machine: x86_64
clock source: unix
detected number of CPU cores: 2
current working directory: /root/my-blog
detected binary path: /usr/local/bin/uwsgi
!!! no internal routing support, rebuild with pcre support !!!
uWSGI running as root, you can use --uid/--gid/--chroot options
*** WARNING: you are running uWSGI as root !!! (use the --uid flag) *** 
chdir() to /root/my-blog
your processes number limit is 7310
your memory page size is 4096 bytes
detected max file descriptor number: 65535
lock engine: pthread robust mutexes
thunder lock: disabled (you can enable it with --thunder-lock)
uWSGI http bound on 0.0.0.0:5000 fd 5
uwsgi socket 0 bound to TCP address 127.0.0.1:40557 (port auto-assigned) fd 4
uWSGI running as root, you can use --uid/--gid/--chroot options
*** WARNING: you are running uWSGI as root !!! (use the --uid flag) *** 
Python version: 3.8.10 (default, Sep 28 2021, 16:10:42)  [GCC 9.3.0]
PEP 405 virtualenv detected: /root/my-blog/env
Set PythonHome to /root/my-blog/env
Python main interpreter initialized at 0x55c2a65d0500
uWSGI running as root, you can use --uid/--gid/--chroot options
*** WARNING: you are running uWSGI as root !!! (use the --uid flag) *** 
python threads support enabled
your server socket listen backlog is limited to 100 connections
your mercy for graceful operations on workers is 60 seconds
mapped 500592 bytes (488 KB) for 20 cores
*** Operational MODE: preforking+threaded ***
WSGI app 0 (mountpoint='') ready in 0 seconds on interpreter 0x55c2a65d0500 pid: 26910 (default app)
uWSGI running as root, you can use --uid/--gid/--chroot options
*** WARNING: you are running uWSGI as root !!! (use the --uid flag) *** 
*** uWSGI is running in multiple interpreter mode ***
gracefully (RE)spawned uWSGI master process (pid: 26910)
spawned uWSGI worker 1 (pid: 28134, cores: 10)
spawned uWSGI worker 2 (pid: 28135, cores: 10)
spawned uWSGI http 1 (pid: 28136)
[pid: 28134|app: 0|req: 1/1] 112.122.10.247 () {38 vars in 717 bytes} [Wed Nov  3 08:47:06 2021] GET / => generated 9391 bytes in 43 msecs (HTTP/1.1 200) 2 headers in 81 bytes (1 switches on core 0)
[pid: 28134|app: 0|req: 2/2] 112.122.10.247 () {38 vars in 661 bytes} [Wed Nov  3 08:47:06 2021] GET /static/style.css => generated 3353 bytes in 2 msecs via sendfile() (HTTP/1.1 200) 6 headers in 237 bytes (0 switches on core 9)
[pid: 28134|app: 0|req: 3/3] 112.122.10.247 () {38 vars in 707 bytes} [Wed Nov  3 08:47:06 2021] GET /static/test2.jpg => generated 0 bytes in 1 msecs (HTTP/1.1 304) 3 headers in 140 bytes (0 switches on core 6)
[pid: 28135|app: 0|req: 1/4] 112.122.10.247 () {38 vars in 721 bytes} [Wed Nov  3 08:47:06 2021] GET /static/base.png => generated 0 bytes in 7 msecs (HTTP/1.1 304) 3 headers in 139 bytes (0 switches on core 0)
[pid: 28135|app: 0|req: 2/5] 112.122.10.247 () {38 vars in 717 bytes} [Wed Nov  3 08:47:06 2021] GET / => generated 9391 bytes in 39 msecs (HTTP/1.1 200) 2 headers in 81 bytes (1 switches on core 5)
[pid: 28135|app: 0|req: 3/6] 112.122.10.247 () {38 vars in 661 bytes} [Wed Nov  3 08:47:07 2021] GET /static/style.css => generated 0 bytes in 1 msecs (HTTP/1.1 304) 3 headers in 140 bytes (0 switches on core 6)
[pid: 28135|app: 0|req: 4/7] 112.122.10.247 () {38 vars in 707 bytes} [Wed Nov  3 08:47:07 2021] GET /static/test2.jpg => generated 0 bytes in 1 msecs (HTTP/1.1 304) 3 headers in 140 bytes (0 switches on core 1)
[pid: 28134|app: 0|req: 4/8] 112.122.10.247 () {38 vars in 717 bytes} [Wed Nov  3 08:47:07 2021] GET / => generated 9391 bytes in 10 msecs (HTTP/1.1 200) 2 headers in 81 bytes (1 switches on core 5)
[pid: 28134|app: 0|req: 5/9] 112.122.10.247 () {38 vars in 661 bytes} [Wed Nov  3 08:47:07 2021] GET /static/style.css => generated 0 bytes in 1 msecs (HTTP/1.1 304) 3 headers in 140 bytes (0 switches on core 2)
[pid: 28135|app: 0|req: 5/10] 112.122.10.247 () {38 vars in 707 bytes} [Wed Nov  3 08:47:07 2021] GET /static/test2.jpg => generated 0 bytes in 1 msecs (HTTP/1.1 304) 3 headers in 140 bytes (0 switches on core 2)
gateway "uWSGI http 1" has been buried (pid: 28136)
...gracefully killing workers...
Gracefully killing worker 2 (pid: 28135)...
Gracefully killing worker 1 (pid: 28134)...
worker 1 buried after 1 seconds
worker 2 buried after 1 seconds
binary reloading uWSGI...
chdir() to /root/my-blog
closing all non-uwsgi socket fds > 2 (max_fd = 65535)...
found fd 4 mapped to socket 0 (127.0.0.1:40557)
running /usr/local/bin/uwsgi
[uWSGI] getting INI configuration from uwsgi.ini
*** Starting uWSGI 2.0.20 (64bit) on [Wed Nov  3 08:48:33 2021] ***
compiled with version: 9.3.0 on 02 November 2021 14:16:52
os: Linux-5.4.0-47-generic #51-Ubuntu SMP Fri Sep 4 19:50:52 UTC 2020
nodename: iZbp14gtjtt25qifa26ex0Z
machine: x86_64
clock source: unix
detected number of CPU cores: 2
current working directory: /root/my-blog
detected binary path: /usr/local/bin/uwsgi
!!! no internal routing support, rebuild with pcre support !!!
uWSGI running as root, you can use --uid/--gid/--chroot options
*** WARNING: you are running uWSGI as root !!! (use the --uid flag) *** 
chdir() to /root/my-blog
your processes number limit is 7310
your memory page size is 4096 bytes
detected max file descriptor number: 65535
lock engine: pthread robust mutexes
thunder lock: disabled (you can enable it with --thunder-lock)
uWSGI http bound on 0.0.0.0:5000 fd 5
uwsgi socket 0 bound to TCP address 127.0.0.1:43763 (port auto-assigned) fd 3
uWSGI running as root, you can use --uid/--gid/--chroot options
*** WARNING: you are running uWSGI as root !!! (use the --uid flag) *** 
Python version: 3.8.10 (default, Sep 28 2021, 16:10:42)  [GCC 9.3.0]
PEP 405 virtualenv detected: /root/my-blog/env
Set PythonHome to /root/my-blog/env
Python main interpreter initialized at 0x55d51df14500
uWSGI running as root, you can use --uid/--gid/--chroot options
*** WARNING: you are running uWSGI as root !!! (use the --uid flag) *** 
python threads support enabled
your server socket listen backlog is limited to 100 connections
your mercy for graceful operations on workers is 60 seconds
mapped 500592 bytes (488 KB) for 20 cores
*** Operational MODE: preforking+threaded ***
WSGI app 0 (mountpoint='') ready in 0 seconds on interpreter 0x55d51df14500 pid: 26910 (default app)
uWSGI running as root, you can use --uid/--gid/--chroot options
*** WARNING: you are running uWSGI as root !!! (use the --uid flag) *** 
*** uWSGI is running in multiple interpreter mode ***
gracefully (RE)spawned uWSGI master process (pid: 26910)
spawned uWSGI worker 1 (pid: 28332, cores: 10)
spawned uWSGI worker 2 (pid: 28333, cores: 10)
spawned uWSGI http 1 (pid: 28334)
[pid: 28333|app: 0|req: 1/1] 112.122.10.247 () {38 vars in 717 bytes} [Wed Nov  3 08:48:35 2021] GET / => generated 9403 bytes in 44 msecs (HTTP/1.1 200) 2 headers in 81 bytes (1 switches on core 0)
[pid: 28333|app: 0|req: 2/2] 112.122.10.247 () {38 vars in 661 bytes} [Wed Nov  3 08:48:35 2021] GET /static/style.css => generated 0 bytes in 2 msecs (HTTP/1.1 304) 3 headers in 140 bytes (0 switches on core 7)
[pid: 28333|app: 0|req: 3/3] 112.122.10.247 () {38 vars in 707 bytes} [Wed Nov  3 08:48:35 2021] GET /static/test2.jpg => generated 0 bytes in 1 msecs (HTTP/1.1 304) 3 headers in 140 bytes (0 switches on core 4)
[pid: 28332|app: 0|req: 1/4] 112.122.10.247 () {38 vars in 721 bytes} [Wed Nov  3 08:48:35 2021] GET /static/base.png => generated 0 bytes in 6 msecs (HTTP/1.1 304) 3 headers in 139 bytes (0 switches on core 0)
[pid: 28332|app: 0|req: 2/5] 112.122.10.247 () {38 vars in 717 bytes} [Wed Nov  3 08:48:44 2021] GET / => generated 9404 bytes in 42 msecs (HTTP/1.1 200) 2 headers in 81 bytes (1 switches on core 5)
[pid: 28332|app: 0|req: 3/6] 112.122.10.247 () {38 vars in 661 bytes} [Wed Nov  3 08:48:44 2021] GET /static/style.css => generated 0 bytes in 1 msecs (HTTP/1.1 304) 3 headers in 140 bytes (0 switches on core 8)
[pid: 28332|app: 0|req: 4/7] 112.122.10.247 () {38 vars in 707 bytes} [Wed Nov  3 08:48:44 2021] GET /static/test2.jpg => generated 0 bytes in 1 msecs (HTTP/1.1 304) 3 headers in 140 bytes (0 switches on core 7)
[pid: 28332|app: 0|req: 5/8] 112.122.10.247 () {38 vars in 721 bytes} [Wed Nov  3 08:48:44 2021] GET /static/base.png => generated 0 bytes in 1 msecs (HTTP/1.1 304) 3 headers in 139 bytes (0 switches on core 6)
gateway "uWSGI http 1" has been buried (pid: 28334)
...gracefully killing workers...
Gracefully killing worker 1 (pid: 28332)...
Gracefully killing worker 2 (pid: 28333)...
worker 1 buried after 1 seconds
worker 2 buried after 1 seconds
binary reloading uWSGI...
chdir() to /root/my-blog
closing all non-uwsgi socket fds > 2 (max_fd = 65535)...
found fd 3 mapped to socket 0 (127.0.0.1:43763)
running /usr/local/bin/uwsgi
[uWSGI] getting INI configuration from uwsgi.ini
*** Starting uWSGI 2.0.20 (64bit) on [Wed Nov  3 08:48:48 2021] ***
compiled with version: 9.3.0 on 02 November 2021 14:16:52
os: Linux-5.4.0-47-generic #51-Ubuntu SMP Fri Sep 4 19:50:52 UTC 2020
nodename: iZbp14gtjtt25qifa26ex0Z
machine: x86_64
clock source: unix
detected number of CPU cores: 2
current working directory: /root/my-blog
detected binary path: /usr/local/bin/uwsgi
!!! no internal routing support, rebuild with pcre support !!!
uWSGI running as root, you can use --uid/--gid/--chroot options
*** WARNING: you are running uWSGI as root !!! (use the --uid flag) *** 
chdir() to /root/my-blog
your processes number limit is 7310
your memory page size is 4096 bytes
detected max file descriptor number: 65535
lock engine: pthread robust mutexes
thunder lock: disabled (you can enable it with --thunder-lock)
uWSGI http bound on 0.0.0.0:5000 fd 5
uwsgi socket 0 bound to TCP address 127.0.0.1:45089 (port auto-assigned) fd 4
uWSGI running as root, you can use --uid/--gid/--chroot options
*** WARNING: you are running uWSGI as root !!! (use the --uid flag) *** 
Python version: 3.8.10 (default, Sep 28 2021, 16:10:42)  [GCC 9.3.0]
PEP 405 virtualenv detected: /root/my-blog/env
Set PythonHome to /root/my-blog/env
Python main interpreter initialized at 0x56179fb72500
uWSGI running as root, you can use --uid/--gid/--chroot options
*** WARNING: you are running uWSGI as root !!! (use the --uid flag) *** 
python threads support enabled
your server socket listen backlog is limited to 100 connections
your mercy for graceful operations on workers is 60 seconds
mapped 500592 bytes (488 KB) for 20 cores
*** Operational MODE: preforking+threaded ***
WSGI app 0 (mountpoint='') ready in 0 seconds on interpreter 0x56179fb72500 pid: 26910 (default app)
uWSGI running as root, you can use --uid/--gid/--chroot options
*** WARNING: you are running uWSGI as root !!! (use the --uid flag) *** 
*** uWSGI is running in multiple interpreter mode ***
gracefully (RE)spawned uWSGI master process (pid: 26910)
spawned uWSGI worker 1 (pid: 28412, cores: 10)
spawned uWSGI worker 2 (pid: 28413, cores: 10)
spawned uWSGI http 1 (pid: 28414)
[pid: 28412|app: 0|req: 1/1] 112.122.10.247 () {38 vars in 717 bytes} [Wed Nov  3 08:48:49 2021] GET / => generated 9404 bytes in 42 msecs (HTTP/1.1 200) 2 headers in 81 bytes (1 switches on core 0)
[pid: 28412|app: 0|req: 2/2] 112.122.10.247 () {38 vars in 661 bytes} [Wed Nov  3 08:48:49 2021] GET /static/style.css => generated 0 bytes in 2 msecs (HTTP/1.1 304) 3 headers in 140 bytes (0 switches on core 7)
[pid: 28412|app: 0|req: 3/3] 112.122.10.247 () {38 vars in 707 bytes} [Wed Nov  3 08:48:49 2021] GET /static/test2.jpg => generated 0 bytes in 1 msecs (HTTP/1.1 304) 3 headers in 140 bytes (0 switches on core 8)
[pid: 28412|app: 0|req: 4/4] 112.122.10.247 () {38 vars in 717 bytes} [Wed Nov  3 08:50:27 2021] GET / => generated 9404 bytes in 10 msecs (HTTP/1.1 200) 2 headers in 81 bytes (1 switches on core 9)
[pid: 28413|app: 0|req: 1/5] 112.122.10.247 () {38 vars in 661 bytes} [Wed Nov  3 08:50:27 2021] GET /static/style.css => generated 0 bytes in 6 msecs (HTTP/1.1 304) 3 headers in 140 bytes (0 switches on core 0)
[pid: 28412|app: 0|req: 5/6] 112.122.10.247 () {38 vars in 707 bytes} [Wed Nov  3 08:50:27 2021] GET /static/test2.jpg => generated 0 bytes in 1 msecs (HTTP/1.1 304) 3 headers in 140 bytes (0 switches on core 1)
[pid: 28412|app: 0|req: 6/7] 112.122.10.247 () {38 vars in 721 bytes} [Wed Nov  3 08:50:27 2021] GET /static/base.png => generated 0 bytes in 1 msecs (HTTP/1.1 304) 3 headers in 139 bytes (0 switches on core 2)
gateway "uWSGI http 1" has been buried (pid: 28414)
...gracefully killing workers...
Gracefully killing worker 1 (pid: 28412)...
Gracefully killing worker 2 (pid: 28413)...
worker 1 buried after 1 seconds
worker 2 buried after 1 seconds
binary reloading uWSGI...
chdir() to /root/my-blog
closing all non-uwsgi socket fds > 2 (max_fd = 65535)...
found fd 4 mapped to socket 0 (127.0.0.1:45089)
running /usr/local/bin/uwsgi
[uWSGI] getting INI configuration from uwsgi.ini
*** Starting uWSGI 2.0.20 (64bit) on [Wed Nov  3 08:51:11 2021] ***
compiled with version: 9.3.0 on 02 November 2021 14:16:52
os: Linux-5.4.0-47-generic #51-Ubuntu SMP Fri Sep 4 19:50:52 UTC 2020
nodename: iZbp14gtjtt25qifa26ex0Z
machine: x86_64
clock source: unix
detected number of CPU cores: 2
current working directory: /root/my-blog
detected binary path: /usr/local/bin/uwsgi
!!! no internal routing support, rebuild with pcre support !!!
uWSGI running as root, you can use --uid/--gid/--chroot options
*** WARNING: you are running uWSGI as root !!! (use the --uid flag) *** 
chdir() to /root/my-blog
your processes number limit is 7310
your memory page size is 4096 bytes
detected max file descriptor number: 65535
lock engine: pthread robust mutexes
thunder lock: disabled (you can enable it with --thunder-lock)
uWSGI http bound on 0.0.0.0:5000 fd 5
uwsgi socket 0 bound to TCP address 127.0.0.1:34649 (port auto-assigned) fd 3
uWSGI running as root, you can use --uid/--gid/--chroot options
*** WARNING: you are running uWSGI as root !!! (use the --uid flag) *** 
Python version: 3.8.10 (default, Sep 28 2021, 16:10:42)  [GCC 9.3.0]
PEP 405 virtualenv detected: /root/my-blog/env
Set PythonHome to /root/my-blog/env
Python main interpreter initialized at 0x55c116930500
uWSGI running as root, you can use --uid/--gid/--chroot options
*** WARNING: you are running uWSGI as root !!! (use the --uid flag) *** 
python threads support enabled
your server socket listen backlog is limited to 100 connections
your mercy for graceful operations on workers is 60 seconds
mapped 500592 bytes (488 KB) for 20 cores
*** Operational MODE: preforking+threaded ***
WSGI app 0 (mountpoint='') ready in 1 seconds on interpreter 0x55c116930500 pid: 26910 (default app)
uWSGI running as root, you can use --uid/--gid/--chroot options
*** WARNING: you are running uWSGI as root !!! (use the --uid flag) *** 
*** uWSGI is running in multiple interpreter mode ***
gracefully (RE)spawned uWSGI master process (pid: 26910)
spawned uWSGI worker 1 (pid: 28693, cores: 10)
spawned uWSGI worker 2 (pid: 28694, cores: 10)
spawned uWSGI http 1 (pid: 28704)
[pid: 28694|app: 0|req: 1/1] 112.122.10.247 () {38 vars in 717 bytes} [Wed Nov  3 08:51:12 2021] GET / => generated 9404 bytes in 48 msecs (HTTP/1.1 200) 2 headers in 81 bytes (1 switches on core 0)
[pid: 28694|app: 0|req: 2/2] 112.122.10.247 () {38 vars in 661 bytes} [Wed Nov  3 08:51:12 2021] GET /static/style.css => generated 3359 bytes in 2 msecs via sendfile() (HTTP/1.1 200) 6 headers in 237 bytes (0 switches on core 9)
[pid: 28694|app: 0|req: 3/3] 112.122.10.247 () {38 vars in 707 bytes} [Wed Nov  3 08:51:12 2021] GET /static/test2.jpg => generated 0 bytes in 1 msecs (HTTP/1.1 304) 3 headers in 140 bytes (0 switches on core 7)
[pid: 28694|app: 0|req: 4/4] 112.122.10.247 () {38 vars in 721 bytes} [Wed Nov  3 08:51:12 2021] GET /static/base.png => generated 0 bytes in 1 msecs (HTTP/1.1 304) 3 headers in 139 bytes (0 switches on core 7)
[pid: 28693|app: 0|req: 1/5] 112.122.10.247 () {38 vars in 717 bytes} [Wed Nov  3 08:51:13 2021] GET / => generated 9404 bytes in 44 msecs (HTTP/1.1 200) 2 headers in 81 bytes (1 switches on core 0)
[pid: 28693|app: 0|req: 2/6] 112.122.10.247 () {38 vars in 661 bytes} [Wed Nov  3 08:51:13 2021] GET /static/style.css => generated 0 bytes in 2 msecs (HTTP/1.1 304) 3 headers in 140 bytes (0 switches on core 6)
[pid: 28693|app: 0|req: 3/7] 112.122.10.247 () {38 vars in 707 bytes} [Wed Nov  3 08:51:13 2021] GET /static/test2.jpg => generated 0 bytes in 1 msecs (HTTP/1.1 304) 3 headers in 140 bytes (0 switches on core 7)
[pid: 28693|app: 0|req: 4/8] 112.122.10.247 () {38 vars in 717 bytes} [Wed Nov  3 08:51:14 2021] GET / => generated 9404 bytes in 11 msecs (HTTP/1.1 200) 2 headers in 81 bytes (1 switches on core 8)
[pid: 28693|app: 0|req: 5/9] 112.122.10.247 () {38 vars in 661 bytes} [Wed Nov  3 08:51:14 2021] GET /static/style.css => generated 0 bytes in 1 msecs (HTTP/1.1 304) 3 headers in 140 bytes (0 switches on core 9)
[pid: 28693|app: 0|req: 6/10] 112.122.10.247 () {38 vars in 707 bytes} [Wed Nov  3 08:51:14 2021] GET /static/test2.jpg => generated 0 bytes in 1 msecs (HTTP/1.1 304) 3 headers in 140 bytes (0 switches on core 3)
[pid: 28693|app: 0|req: 7/11] 112.122.10.247 () {38 vars in 717 bytes} [Wed Nov  3 08:51:14 2021] GET / => generated 9404 bytes in 11 msecs (HTTP/1.1 200) 2 headers in 81 bytes (1 switches on core 1)
[pid: 28694|app: 0|req: 5/12] 112.122.10.247 () {38 vars in 661 bytes} [Wed Nov  3 08:51:14 2021] GET /static/style.css => generated 0 bytes in 1 msecs (HTTP/1.1 304) 3 headers in 140 bytes (0 switches on core 3)
[pid: 28693|app: 0|req: 8/13] 112.122.10.247 () {38 vars in 707 bytes} [Wed Nov  3 08:51:14 2021] GET /static/test2.jpg => generated 0 bytes in 1 msecs (HTTP/1.1 304) 3 headers in 140 bytes (0 switches on core 2)
[pid: 28693|app: 0|req: 9/14] 112.122.10.247 () {38 vars in 717 bytes} [Wed Nov  3 08:51:14 2021] GET / => generated 9404 bytes in 10 msecs (HTTP/1.1 200) 2 headers in 81 bytes (1 switches on core 5)
[pid: 28693|app: 0|req: 10/15] 112.122.10.247 () {38 vars in 661 bytes} [Wed Nov  3 08:51:14 2021] GET /static/style.css => generated 0 bytes in 1 msecs (HTTP/1.1 304) 3 headers in 140 bytes (0 switches on core 0)
[pid: 28693|app: 0|req: 11/16] 112.122.10.247 () {38 vars in 707 bytes} [Wed Nov  3 08:51:14 2021] GET /static/test2.jpg => generated 0 bytes in 1 msecs (HTTP/1.1 304) 3 headers in 140 bytes (0 switches on core 6)
[pid: 28693|app: 0|req: 12/17] 112.122.10.247 () {38 vars in 717 bytes} [Wed Nov  3 08:51:15 2021] GET / => generated 9404 bytes in 10 msecs (HTTP/1.1 200) 2 headers in 81 bytes (1 switches on core 6)
[pid: 28694|app: 0|req: 6/18] 112.122.10.247 () {38 vars in 661 bytes} [Wed Nov  3 08:51:15 2021] GET /static/style.css => generated 0 bytes in 1 msecs (HTTP/1.1 304) 3 headers in 140 bytes (0 switches on core 9)
[pid: 28693|app: 0|req: 13/19] 112.122.10.247 () {38 vars in 707 bytes} [Wed Nov  3 08:51:15 2021] GET /static/test2.jpg => generated 0 bytes in 1 msecs (HTTP/1.1 304) 3 headers in 140 bytes (0 switches on core 8)
[pid: 28694|app: 0|req: 7/20] 112.122.10.247 () {38 vars in 717 bytes} [Wed Nov  3 08:51:15 2021] GET / => generated 9404 bytes in 10 msecs (HTTP/1.1 200) 2 headers in 81 bytes (1 switches on core 6)
[pid: 28693|app: 0|req: 14/21] 112.122.10.247 () {38 vars in 661 bytes} [Wed Nov  3 08:51:15 2021] GET /static/style.css => generated 0 bytes in 1 msecs (HTTP/1.1 304) 3 headers in 140 bytes (0 switches on core 9)
[pid: 28693|app: 0|req: 15/22] 112.122.10.247 () {38 vars in 707 bytes} [Wed Nov  3 08:51:15 2021] GET /static/test2.jpg => generated 0 bytes in 1 msecs (HTTP/1.1 304) 3 headers in 140 bytes (0 switches on core 1)
[pid: 28694|app: 0|req: 8/23] 112.122.10.247 () {38 vars in 717 bytes} [Wed Nov  3 08:51:15 2021] GET / => generated 9404 bytes in 11 msecs (HTTP/1.1 200) 2 headers in 81 bytes (1 switches on core 0)
[pid: 28693|app: 0|req: 16/24] 112.122.10.247 () {38 vars in 661 bytes} [Wed Nov  3 08:51:15 2021] GET /static/style.css => generated 0 bytes in 1 msecs (HTTP/1.1 304) 3 headers in 140 bytes (0 switches on core 4)
[pid: 28693|app: 0|req: 17/25] 112.122.10.247 () {38 vars in 707 bytes} [Wed Nov  3 08:51:15 2021] GET /static/test2.jpg => generated 0 bytes in 1 msecs (HTTP/1.1 304) 3 headers in 140 bytes (0 switches on core 5)
[pid: 28694|app: 0|req: 9/26] 112.122.10.247 () {38 vars in 717 bytes} [Wed Nov  3 08:51:15 2021] GET / => generated 9404 bytes in 11 msecs (HTTP/1.1 200) 2 headers in 81 bytes (1 switches on core 7)
[pid: 28694|app: 0|req: 10/27] 112.122.10.247 () {38 vars in 661 bytes} [Wed Nov  3 08:51:15 2021] GET /static/style.css => generated 0 bytes in 1 msecs (HTTP/1.1 304) 3 headers in 140 bytes (0 switches on core 8)
[pid: 28693|app: 0|req: 18/28] 112.122.10.247 () {38 vars in 707 bytes} [Wed Nov  3 08:51:15 2021] GET /static/test2.jpg => generated 0 bytes in 1 msecs (HTTP/1.1 304) 3 headers in 140 bytes (0 switches on core 0)
gateway "uWSGI http 1" has been buried (pid: 28704)
...gracefully killing workers...
Gracefully killing worker 2 (pid: 28694)...
Gracefully killing worker 1 (pid: 28693)...
worker 1 buried after 1 seconds
worker 2 buried after 1 seconds
binary reloading uWSGI...
chdir() to /root/my-blog
closing all non-uwsgi socket fds > 2 (max_fd = 65535)...
found fd 3 mapped to socket 0 (127.0.0.1:34649)
running /usr/local/bin/uwsgi
[uWSGI] getting INI configuration from uwsgi.ini
*** Starting uWSGI 2.0.20 (64bit) on [Wed Nov  3 08:51:33 2021] ***
compiled with version: 9.3.0 on 02 November 2021 14:16:52
os: Linux-5.4.0-47-generic #51-Ubuntu SMP Fri Sep 4 19:50:52 UTC 2020
nodename: iZbp14gtjtt25qifa26ex0Z
machine: x86_64
clock source: unix
detected number of CPU cores: 2
current working directory: /root/my-blog
detected binary path: /usr/local/bin/uwsgi
!!! no internal routing support, rebuild with pcre support !!!
uWSGI running as root, you can use --uid/--gid/--chroot options
*** WARNING: you are running uWSGI as root !!! (use the --uid flag) *** 
chdir() to /root/my-blog
your processes number limit is 7310
your memory page size is 4096 bytes
detected max file descriptor number: 65535
lock engine: pthread robust mutexes
thunder lock: disabled (you can enable it with --thunder-lock)
uWSGI http bound on 0.0.0.0:5000 fd 5
uwsgi socket 0 bound to TCP address 127.0.0.1:45983 (port auto-assigned) fd 4
uWSGI running as root, you can use --uid/--gid/--chroot options
*** WARNING: you are running uWSGI as root !!! (use the --uid flag) *** 
Python version: 3.8.10 (default, Sep 28 2021, 16:10:42)  [GCC 9.3.0]
PEP 405 virtualenv detected: /root/my-blog/env
Set PythonHome to /root/my-blog/env
Python main interpreter initialized at 0x559e0bf9c500
uWSGI running as root, you can use --uid/--gid/--chroot options
*** WARNING: you are running uWSGI as root !!! (use the --uid flag) *** 
python threads support enabled
your server socket listen backlog is limited to 100 connections
your mercy for graceful operations on workers is 60 seconds
mapped 500592 bytes (488 KB) for 20 cores
*** Operational MODE: preforking+threaded ***
WSGI app 0 (mountpoint='') ready in 0 seconds on interpreter 0x559e0bf9c500 pid: 26910 (default app)
uWSGI running as root, you can use --uid/--gid/--chroot options
*** WARNING: you are running uWSGI as root !!! (use the --uid flag) *** 
*** uWSGI is running in multiple interpreter mode ***
gracefully (RE)spawned uWSGI master process (pid: 26910)
spawned uWSGI worker 1 (pid: 28794, cores: 10)
spawned uWSGI worker 2 (pid: 28795, cores: 10)
spawned uWSGI http 1 (pid: 28796)
[pid: 28795|app: 0|req: 1/1] 112.122.10.247 () {38 vars in 717 bytes} [Wed Nov  3 08:51:35 2021] GET / => generated 9404 bytes in 57 msecs (HTTP/1.1 200) 2 headers in 81 bytes (1 switches on core 0)
[pid: 28795|app: 0|req: 2/2] 112.122.10.247 () {38 vars in 661 bytes} [Wed Nov  3 08:51:35 2021] GET /static/style.css => generated 3359 bytes in 2 msecs via sendfile() (HTTP/1.1 200) 6 headers in 237 bytes (0 switches on core 7)
[pid: 28794|app: 0|req: 1/3] 112.122.10.247 () {38 vars in 707 bytes} [Wed Nov  3 08:51:35 2021] GET /static/test2.jpg => generated 0 bytes in 6 msecs (HTTP/1.1 304) 3 headers in 140 bytes (0 switches on core 0)
[pid: 28794|app: 0|req: 2/4] 112.122.10.247 () {38 vars in 721 bytes} [Wed Nov  3 08:51:35 2021] GET /static/base.png => generated 0 bytes in 1 msecs (HTTP/1.1 304) 3 headers in 139 bytes (0 switches on core 7)
[pid: 28794|app: 0|req: 3/5] 223.104.191.16 () {36 vars in 1001 bytes} [Wed Nov  3 08:52:15 2021] GET / => generated 9404 bytes in 41 msecs (HTTP/1.1 200) 2 headers in 81 bytes (1 switches on core 1)
[pid: 28795|app: 0|req: 4/6] 223.104.191.16 () {38 vars in 1022 bytes} [Wed Nov  3 08:52:15 2021] GET /static/test2.jpg => generated 0 bytes in 1 msecs (HTTP/1.1 304) 3 headers in 140 bytes (0 switches on core 8)
[pid: 28795|app: 0|req: 4/7] 223.104.191.16 () {38 vars in 942 bytes} [Wed Nov  3 08:52:15 2021] GET /static/style.css => generated 3380 bytes in 3 msecs via sendfile() (HTTP/1.1 200) 6 headers in 237 bytes (0 switches on core 7)
[pid: 28795|app: 0|req: 5/8] 223.104.191.16 () {38 vars in 1036 bytes} [Wed Nov  3 08:52:15 2021] GET /static/base.png => generated 0 bytes in 1 msecs (HTTP/1.1 304) 3 headers in 139 bytes (0 switches on core 6)
[pid: 28794|app: 0|req: 4/9] 223.104.191.16 () {36 vars in 957 bytes} [Wed Nov  3 08:52:16 2021] GET /favicon.ico => generated 232 bytes in 1 msecs (HTTP/1.1 404) 2 headers in 87 bytes (1 switches on core 3)
gateway "uWSGI http 1" has been buried (pid: 28796)
...gracefully killing workers...
Gracefully killing worker 1 (pid: 28794)...
Gracefully killing worker 2 (pid: 28795)...
worker 1 buried after 1 seconds
worker 2 buried after 1 seconds
binary reloading uWSGI...
chdir() to /root/my-blog
closing all non-uwsgi socket fds > 2 (max_fd = 65535)...
found fd 4 mapped to socket 0 (127.0.0.1:45983)
running /usr/local/bin/uwsgi
[uWSGI] getting INI configuration from uwsgi.ini
*** Starting uWSGI 2.0.20 (64bit) on [Wed Nov  3 08:52:18 2021] ***
compiled with version: 9.3.0 on 02 November 2021 14:16:52
os: Linux-5.4.0-47-generic #51-Ubuntu SMP Fri Sep 4 19:50:52 UTC 2020
nodename: iZbp14gtjtt25qifa26ex0Z
machine: x86_64
clock source: unix
detected number of CPU cores: 2
current working directory: /root/my-blog
detected binary path: /usr/local/bin/uwsgi
!!! no internal routing support, rebuild with pcre support !!!
uWSGI running as root, you can use --uid/--gid/--chroot options
*** WARNING: you are running uWSGI as root !!! (use the --uid flag) *** 
chdir() to /root/my-blog
your processes number limit is 7310
your memory page size is 4096 bytes
detected max file descriptor number: 65535
lock engine: pthread robust mutexes
thunder lock: disabled (you can enable it with --thunder-lock)
uWSGI http bound on 0.0.0.0:5000 fd 5
uwsgi socket 0 bound to TCP address 127.0.0.1:37887 (port auto-assigned) fd 3
uWSGI running as root, you can use --uid/--gid/--chroot options
*** WARNING: you are running uWSGI as root !!! (use the --uid flag) *** 
Python version: 3.8.10 (default, Sep 28 2021, 16:10:42)  [GCC 9.3.0]
PEP 405 virtualenv detected: /root/my-blog/env
Set PythonHome to /root/my-blog/env
Python main interpreter initialized at 0x564ae76c5500
uWSGI running as root, you can use --uid/--gid/--chroot options
*** WARNING: you are running uWSGI as root !!! (use the --uid flag) *** 
python threads support enabled
your server socket listen backlog is limited to 100 connections
your mercy for graceful operations on workers is 60 seconds
mapped 500592 bytes (488 KB) for 20 cores
*** Operational MODE: preforking+threaded ***
WSGI app 0 (mountpoint='') ready in 0 seconds on interpreter 0x564ae76c5500 pid: 26910 (default app)
uWSGI running as root, you can use --uid/--gid/--chroot options
*** WARNING: you are running uWSGI as root !!! (use the --uid flag) *** 
*** uWSGI is running in multiple interpreter mode ***
gracefully (RE)spawned uWSGI master process (pid: 26910)
spawned uWSGI worker 1 (pid: 28947, cores: 10)
spawned uWSGI worker 2 (pid: 28948, cores: 10)
spawned uWSGI http 1 (pid: 28958)
[pid: 28948|app: 0|req: 1/1] 112.122.10.247 () {38 vars in 717 bytes} [Wed Nov  3 08:52:19 2021] GET / => generated 9404 bytes in 44 msecs (HTTP/1.1 200) 2 headers in 81 bytes (1 switches on core 0)
[pid: 28948|app: 0|req: 2/2] 112.122.10.247 () {38 vars in 661 bytes} [Wed Nov  3 08:52:19 2021] GET /static/style.css => generated 3384 bytes in 2 msecs via sendfile() (HTTP/1.1 200) 6 headers in 237 bytes (0 switches on core 1)
[pid: 28947|app: 0|req: 1/3] 112.122.10.247 () {38 vars in 707 bytes} [Wed Nov  3 08:52:19 2021] GET /static/test2.jpg => generated 0 bytes in 6 msecs (HTTP/1.1 304) 3 headers in 140 bytes (0 switches on core 0)
[pid: 28947|app: 0|req: 2/4] 112.122.10.247 () {38 vars in 721 bytes} [Wed Nov  3 08:52:19 2021] GET /static/base.png => generated 0 bytes in 2 msecs (HTTP/1.1 304) 3 headers in 139 bytes (0 switches on core 6)
[pid: 28947|app: 0|req: 3/5] 112.122.10.247 () {38 vars in 715 bytes} [Wed Nov  3 08:52:20 2021] GET / => generated 9404 bytes in 41 msecs (HTTP/1.1 200) 2 headers in 81 bytes (1 switches on core 6)
[pid: 28947|app: 0|req: 4/6] 112.122.10.247 () {38 vars in 658 bytes} [Wed Nov  3 08:52:20 2021] GET /static/style.css => generated 0 bytes in 1 msecs (HTTP/1.1 304) 3 headers in 140 bytes (0 switches on core 7)
[pid: 28948|app: 0|req: 3/7] 112.122.10.247 () {38 vars in 705 bytes} [Wed Nov  3 08:52:20 2021] GET /static/test2.jpg => generated 0 bytes in 1 msecs (HTTP/1.1 304) 3 headers in 140 bytes (0 switches on core 2)
[pid: 28948|app: 0|req: 4/8] 112.122.10.247 () {38 vars in 715 bytes} [Wed Nov  3 08:52:20 2021] GET / => generated 9404 bytes in 11 msecs (HTTP/1.1 200) 2 headers in 81 bytes (1 switches on core 3)
[pid: 28947|app: 0|req: 5/9] 112.122.10.247 () {38 vars in 660 bytes} [Wed Nov  3 08:52:20 2021] GET /static/style.css => generated 0 bytes in 1 msecs (HTTP/1.1 304) 3 headers in 140 bytes (0 switches on core 4)
[pid: 28948|app: 0|req: 5/10] 112.122.10.247 () {38 vars in 706 bytes} [Wed Nov  3 08:52:20 2021] GET /static/test2.jpg => generated 0 bytes in 1 msecs (HTTP/1.1 304) 3 headers in 140 bytes (0 switches on core 4)
[pid: 28948|app: 0|req: 6/11] 112.122.10.247 () {38 vars in 716 bytes} [Wed Nov  3 08:52:20 2021] GET / => generated 9404 bytes in 11 msecs (HTTP/1.1 200) 2 headers in 81 bytes (1 switches on core 7)
[pid: 28948|app: 0|req: 7/12] 112.122.10.247 () {38 vars in 660 bytes} [Wed Nov  3 08:52:20 2021] GET /static/style.css => generated 0 bytes in 1 msecs (HTTP/1.1 304) 3 headers in 140 bytes (0 switches on core 8)
[pid: 28947|app: 0|req: 6/13] 112.122.10.247 () {38 vars in 706 bytes} [Wed Nov  3 08:52:20 2021] GET /static/test2.jpg => generated 0 bytes in 1 msecs (HTTP/1.1 304) 3 headers in 140 bytes (0 switches on core 9)
[pid: 28947|app: 0|req: 7/14] 112.122.10.247 () {38 vars in 716 bytes} [Wed Nov  3 08:52:21 2021] GET / => generated 9404 bytes in 11 msecs (HTTP/1.1 200) 2 headers in 81 bytes (1 switches on core 1)
[pid: 28947|app: 0|req: 8/15] 112.122.10.247 () {38 vars in 660 bytes} [Wed Nov  3 08:52:21 2021] GET /static/style.css => generated 0 bytes in 1 msecs (HTTP/1.1 304) 3 headers in 140 bytes (0 switches on core 0)
[pid: 28948|app: 0|req: 8/16] 112.122.10.247 () {38 vars in 706 bytes} [Wed Nov  3 08:52:21 2021] GET /static/test2.jpg => generated 0 bytes in 1 msecs (HTTP/1.1 304) 3 headers in 140 bytes (0 switches on core 0)
gateway "uWSGI http 1" has been buried (pid: 28958)
...gracefully killing workers...
Gracefully killing worker 1 (pid: 28947)...
Gracefully killing worker 2 (pid: 28948)...
worker 1 buried after 1 seconds
worker 2 buried after 1 seconds
binary reloading uWSGI...
chdir() to /root/my-blog
closing all non-uwsgi socket fds > 2 (max_fd = 65535)...
found fd 3 mapped to socket 0 (127.0.0.1:37887)
running /usr/local/bin/uwsgi
[uWSGI] getting INI configuration from uwsgi.ini
*** Starting uWSGI 2.0.20 (64bit) on [Wed Nov  3 08:52:40 2021] ***
compiled with version: 9.3.0 on 02 November 2021 14:16:52
os: Linux-5.4.0-47-generic #51-Ubuntu SMP Fri Sep 4 19:50:52 UTC 2020
nodename: iZbp14gtjtt25qifa26ex0Z
machine: x86_64
clock source: unix
detected number of CPU cores: 2
current working directory: /root/my-blog
detected binary path: /usr/local/bin/uwsgi
!!! no internal routing support, rebuild with pcre support !!!
uWSGI running as root, you can use --uid/--gid/--chroot options
*** WARNING: you are running uWSGI as root !!! (use the --uid flag) *** 
chdir() to /root/my-blog
your processes number limit is 7310
your memory page size is 4096 bytes
detected max file descriptor number: 65535
lock engine: pthread robust mutexes
thunder lock: disabled (you can enable it with --thunder-lock)
uWSGI http bound on 0.0.0.0:5000 fd 5
uwsgi socket 0 bound to TCP address 127.0.0.1:43281 (port auto-assigned) fd 4
uWSGI running as root, you can use --uid/--gid/--chroot options
*** WARNING: you are running uWSGI as root !!! (use the --uid flag) *** 
Python version: 3.8.10 (default, Sep 28 2021, 16:10:42)  [GCC 9.3.0]
PEP 405 virtualenv detected: /root/my-blog/env
Set PythonHome to /root/my-blog/env
Python main interpreter initialized at 0x55ede4bea500
uWSGI running as root, you can use --uid/--gid/--chroot options
*** WARNING: you are running uWSGI as root !!! (use the --uid flag) *** 
python threads support enabled
your server socket listen backlog is limited to 100 connections
your mercy for graceful operations on workers is 60 seconds
mapped 500592 bytes (488 KB) for 20 cores
*** Operational MODE: preforking+threaded ***
WSGI app 0 (mountpoint='') ready in 1 seconds on interpreter 0x55ede4bea500 pid: 26910 (default app)
uWSGI running as root, you can use --uid/--gid/--chroot options
*** WARNING: you are running uWSGI as root !!! (use the --uid flag) *** 
*** uWSGI is running in multiple interpreter mode ***
gracefully (RE)spawned uWSGI master process (pid: 26910)
spawned uWSGI worker 1 (pid: 29058, cores: 10)
spawned uWSGI worker 2 (pid: 29059, cores: 10)
spawned uWSGI http 1 (pid: 29069)
[pid: 29058|app: 0|req: 1/1] 112.122.10.247 () {38 vars in 716 bytes} [Wed Nov  3 08:52:41 2021] GET / => generated 9404 bytes in 44 msecs (HTTP/1.1 200) 2 headers in 81 bytes (1 switches on core 0)
[pid: 29058|app: 0|req: 2/2] 112.122.10.247 () {38 vars in 660 bytes} [Wed Nov  3 08:52:41 2021] GET /static/style.css => generated 3359 bytes in 2 msecs via sendfile() (HTTP/1.1 200) 6 headers in 237 bytes (0 switches on core 5)
[pid: 29058|app: 0|req: 3/3] 112.122.10.247 () {38 vars in 706 bytes} [Wed Nov  3 08:52:41 2021] GET /static/test2.jpg => generated 0 bytes in 1 msecs (HTTP/1.1 304) 3 headers in 140 bytes (0 switches on core 9)
[pid: 29059|app: 0|req: 1/4] 112.122.10.247 () {38 vars in 720 bytes} [Wed Nov  3 08:52:41 2021] GET /static/base.png => generated 0 bytes in 6 msecs (HTTP/1.1 304) 3 headers in 139 bytes (0 switches on core 0)
[pid: 29058|app: 0|req: 4/5] 117.136.101.45 () {36 vars in 1009 bytes} [Wed Nov  3 08:52:48 2021] GET / => generated 9404 bytes in 10 msecs (HTTP/1.1 200) 2 headers in 81 bytes (1 switches on core 2)
[pid: 29058|app: 0|req: 5/6] 117.136.101.45 () {38 vars in 950 bytes} [Wed Nov  3 08:52:48 2021] GET /static/style.css => generated 3359 bytes in 1 msecs via sendfile() (HTTP/1.1 200) 6 headers in 237 bytes (0 switches on core 4)
[pid: 29059|app: 0|req: 2/7] 117.136.101.45 () {38 vars in 1030 bytes} [Wed Nov  3 08:52:48 2021] GET /static/test2.jpg => generated 0 bytes in 1 msecs (HTTP/1.1 304) 3 headers in 140 bytes (0 switches on core 5)
[pid: 29058|app: 0|req: 6/8] 117.136.101.45 () {38 vars in 1044 bytes} [Wed Nov  3 08:52:48 2021] GET /static/base.png => generated 0 bytes in 1 msecs (HTTP/1.1 304) 3 headers in 139 bytes (0 switches on core 7)
[pid: 29058|app: 0|req: 7/9] 117.136.101.45 () {36 vars in 965 bytes} [Wed Nov  3 08:52:48 2021] GET /favicon.ico => generated 232 bytes in 0 msecs (HTTP/1.1 404) 2 headers in 87 bytes (1 switches on core 3)
[pid: 29058|app: 0|req: 8/10] 117.136.101.45 () {36 vars in 1009 bytes} [Wed Nov  3 08:55:12 2021] GET / => generated 9404 bytes in 11 msecs (HTTP/1.1 200) 2 headers in 81 bytes (1 switches on core 8)
[pid: 29059|app: 0|req: 3/11] 117.136.101.45 () {38 vars in 950 bytes} [Wed Nov  3 08:55:13 2021] GET /static/style.css => generated 0 bytes in 1 msecs (HTTP/1.1 304) 3 headers in 140 bytes (0 switches on core 6)
[pid: 29058|app: 0|req: 9/12] 117.136.101.45 () {38 vars in 1030 bytes} [Wed Nov  3 08:55:13 2021] GET /static/test2.jpg => generated 0 bytes in 1 msecs (HTTP/1.1 304) 3 headers in 140 bytes (0 switches on core 6)
[pid: 29058|app: 0|req: 10/13] 117.136.101.45 () {38 vars in 1044 bytes} [Wed Nov  3 08:55:13 2021] GET /static/base.png => generated 0 bytes in 1 msecs (HTTP/1.1 304) 3 headers in 139 bytes (0 switches on core 0)
[pid: 29058|app: 0|req: 11/14] 117.136.101.45 () {36 vars in 965 bytes} [Wed Nov  3 08:55:13 2021] GET /favicon.ico => generated 232 bytes in 0 msecs (HTTP/1.1 404) 2 headers in 87 bytes (1 switches on core 5)
[pid: 29059|app: 0|req: 4/15] 117.136.101.45 () {36 vars in 1009 bytes} [Wed Nov  3 08:56:01 2021] GET / => generated 9404 bytes in 43 msecs (HTTP/1.1 200) 2 headers in 81 bytes (1 switches on core 4)
[pid: 29059|app: 0|req: 5/16] 117.136.101.45 () {38 vars in 950 bytes} [Wed Nov  3 08:56:01 2021] GET /static/style.css => generated 0 bytes in 1 msecs (HTTP/1.1 304) 3 headers in 140 bytes (0 switches on core 8)
[pid: 29059|app: 0|req: 6/17] 117.136.101.45 () {38 vars in 1030 bytes} [Wed Nov  3 08:56:01 2021] GET /static/test2.jpg => generated 0 bytes in 1 msecs (HTTP/1.1 304) 3 headers in 140 bytes (0 switches on core 0)
[pid: 29059|app: 0|req: 7/18] 117.136.101.45 () {38 vars in 1044 bytes} [Wed Nov  3 08:56:01 2021] GET /static/base.png => generated 0 bytes in 1 msecs (HTTP/1.1 304) 3 headers in 139 bytes (0 switches on core 5)
[pid: 29059|app: 0|req: 8/19] 117.136.101.45 () {36 vars in 965 bytes} [Wed Nov  3 08:56:02 2021] GET /favicon.ico => generated 232 bytes in 1 msecs (HTTP/1.1 404) 2 headers in 87 bytes (1 switches on core 2)
[pid: 29058|app: 0|req: 12/20] 117.136.101.45 () {36 vars in 1009 bytes} [Wed Nov  3 08:59:47 2021] GET / => generated 9404 bytes in 12 msecs (HTTP/1.1 200) 2 headers in 81 bytes (1 switches on core 9)
[pid: 29058|app: 0|req: 13/21] 117.136.101.45 () {38 vars in 1030 bytes} [Wed Nov  3 08:59:47 2021] GET /static/test2.jpg => generated 0 bytes in 1 msecs (HTTP/1.1 304) 3 headers in 140 bytes (0 switches on core 7)
[pid: 29059|app: 0|req: 9/22] 117.136.101.45 () {38 vars in 950 bytes} [Wed Nov  3 08:59:47 2021] GET /static/style.css => generated 0 bytes in 1 msecs (HTTP/1.1 304) 3 headers in 140 bytes (0 switches on core 9)
[pid: 29059|app: 0|req: 10/23] 117.136.101.45 () {38 vars in 1044 bytes} [Wed Nov  3 08:59:47 2021] GET /static/base.png => generated 0 bytes in 1 msecs (HTTP/1.1 304) 3 headers in 139 bytes (0 switches on core 3)
[pid: 29059|app: 0|req: 11/24] 117.136.101.45 () {36 vars in 965 bytes} [Wed Nov  3 08:59:48 2021] GET /favicon.ico => generated 232 bytes in 0 msecs (HTTP/1.1 404) 2 headers in 87 bytes (1 switches on core 7)
[pid: 29059|app: 0|req: 12/25] 104.140.188.14 () {26 vars in 315 bytes} [Wed Nov  3 09:07:27 2021] GET / => generated 9404 bytes in 12 msecs (HTTP/1.0 200) 2 headers in 81 bytes (1 switches on core 7)
[pid: 29058|app: 0|req: 14/26] 117.136.101.45 () {36 vars in 1009 bytes} [Wed Nov  3 09:18:48 2021] GET / => generated 9404 bytes in 12 msecs (HTTP/1.1 200) 2 headers in 81 bytes (1 switches on core 3)
[pid: 29059|app: 0|req: 13/27] 117.136.101.45 () {38 vars in 950 bytes} [Wed Nov  3 09:18:48 2021] GET /static/style.css => generated 0 bytes in 1 msecs (HTTP/1.1 304) 3 headers in 140 bytes (0 switches on core 8)
[pid: 29059|app: 0|req: 14/28] 117.136.101.45 () {38 vars in 1030 bytes} [Wed Nov  3 09:18:48 2021] GET /static/test2.jpg => generated 0 bytes in 1 msecs (HTTP/1.1 304) 3 headers in 140 bytes (0 switches on core 0)
[pid: 29059|app: 0|req: 15/29] 117.136.101.45 () {38 vars in 1044 bytes} [Wed Nov  3 09:18:48 2021] GET /static/base.png => generated 0 bytes in 1 msecs (HTTP/1.1 304) 3 headers in 139 bytes (0 switches on core 5)
[pid: 29059|app: 0|req: 16/30] 117.136.101.45 () {36 vars in 965 bytes} [Wed Nov  3 09:18:49 2021] GET /favicon.ico => generated 232 bytes in 0 msecs (HTTP/1.1 404) 2 headers in 87 bytes (1 switches on core 2)
[pid: 29059|app: 0|req: 17/31] 117.136.101.45 () {36 vars in 1009 bytes} [Wed Nov  3 09:20:06 2021] GET / => generated 9404 bytes in 10 msecs (HTTP/1.1 200) 2 headers in 81 bytes (1 switches on core 2)
[pid: 29058|app: 0|req: 15/32] 117.136.101.45 () {38 vars in 950 bytes} [Wed Nov  3 09:20:06 2021] GET /static/style.css => generated 0 bytes in 1 msecs (HTTP/1.1 304) 3 headers in 140 bytes (0 switches on core 6)
[pid: 29059|app: 0|req: 18/33] 117.136.101.45 () {38 vars in 1030 bytes} [Wed Nov  3 09:20:06 2021] GET /static/test2.jpg => generated 0 bytes in 1 msecs (HTTP/1.1 304) 3 headers in 140 bytes (0 switches on core 1)
[pid: 29058|app: 0|req: 16/34] 117.136.101.45 () {38 vars in 1044 bytes} [Wed Nov  3 09:20:06 2021] GET /static/base.png => generated 0 bytes in 1 msecs (HTTP/1.1 304) 3 headers in 139 bytes (0 switches on core 4)
[pid: 29058|app: 0|req: 17/35] 117.136.101.45 () {36 vars in 965 bytes} [Wed Nov  3 09:20:07 2021] GET /favicon.ico => generated 232 bytes in 0 msecs (HTTP/1.1 404) 2 headers in 87 bytes (1 switches on core 9)
[pid: 29058|app: 0|req: 18/36] 47.101.43.202 () {30 vars in 453 bytes} [Wed Nov  3 10:37:06 2021] GET / => generated 9404 bytes in 10 msecs (HTTP/1.1 200) 2 headers in 81 bytes (1 switches on core 7)
[pid: 29059|app: 0|req: 19/37] 47.101.43.202 () {30 vars in 483 bytes} [Wed Nov  3 10:37:08 2021] GET /static/test2.jpg => generated 85674 bytes in 1 msecs via sendfile() (HTTP/1.1 200) 6 headers in 225 bytes (0 switches on core 3)
[pid: 29059|app: 0|req: 20/38] 117.136.101.45 () {36 vars in 1009 bytes} [Wed Nov  3 10:40:39 2021] GET / => generated 9404 bytes in 12 msecs (HTTP/1.1 200) 2 headers in 81 bytes (1 switches on core 8)
[pid: 29059|app: 0|req: 21/39] 117.136.101.45 () {38 vars in 950 bytes} [Wed Nov  3 10:40:39 2021] GET /static/style.css => generated 0 bytes in 1 msecs (HTTP/1.1 304) 3 headers in 140 bytes (0 switches on core 0)
[pid: 29059|app: 0|req: 22/40] 117.136.101.45 () {38 vars in 1030 bytes} [Wed Nov  3 10:40:39 2021] GET /static/test2.jpg => generated 0 bytes in 1 msecs (HTTP/1.1 304) 3 headers in 140 bytes (0 switches on core 5)
[pid: 29059|app: 0|req: 23/41] 117.136.101.45 () {38 vars in 1044 bytes} [Wed Nov  3 10:40:39 2021] GET /static/base.png => generated 0 bytes in 1 msecs (HTTP/1.1 304) 3 headers in 139 bytes (0 switches on core 6)
[pid: 29058|app: 0|req: 19/42] 117.136.101.45 () {36 vars in 965 bytes} [Wed Nov  3 10:40:40 2021] GET /favicon.ico => generated 232 bytes in 0 msecs (HTTP/1.1 404) 2 headers in 87 bytes (1 switches on core 8)
[pid: 29059|app: 0|req: 24/43] 47.94.39.226 () {22 vars in 233 bytes} [Wed Nov  3 11:12:08 2021] GET / => generated 9404 bytes in 11 msecs (HTTP/1.0 200) 2 headers in 81 bytes (1 switches on core 2)
[pid: 29059|app: 0|req: 25/44] 112.122.10.247 () {36 vars in 685 bytes} [Wed Nov  3 11:44:55 2021] GET / => generated 9404 bytes in 11 msecs (HTTP/1.1 200) 2 headers in 81 bytes (1 switches on core 1)
[pid: 29059|app: 0|req: 26/45] 112.122.10.247 () {38 vars in 660 bytes} [Wed Nov  3 11:44:55 2021] GET /static/style.css => generated 0 bytes in 1 msecs (HTTP/1.1 304) 3 headers in 140 bytes (0 switches on core 4)
[pid: 29059|app: 0|req: 27/46] 112.122.10.247 () {38 vars in 706 bytes} [Wed Nov  3 11:44:56 2021] GET /static/test2.jpg => generated 0 bytes in 1 msecs (HTTP/1.1 304) 3 headers in 140 bytes (0 switches on core 7)
[pid: 29058|app: 0|req: 20/47] 112.122.10.247 () {38 vars in 720 bytes} [Wed Nov  3 11:44:56 2021] GET /static/base.png => generated 0 bytes in 1 msecs (HTTP/1.1 304) 3 headers in 139 bytes (0 switches on core 5)
[pid: 29059|app: 0|req: 28/48] 112.122.10.247 () {36 vars in 641 bytes} [Wed Nov  3 11:44:56 2021] GET /favicon.ico => generated 232 bytes in 0 msecs (HTTP/1.1 404) 2 headers in 87 bytes (1 switches on core 3)
[pid: 29059|app: 0|req: 29/49] 83.97.20.34 () {26 vars in 285 bytes} [Wed Nov  3 12:08:33 2021] GET / => generated 9404 bytes in 11 msecs (HTTP/1.0 200) 2 headers in 81 bytes (1 switches on core 0)
[pid: 29059|app: 0|req: 30/50] 83.97.20.34 () {22 vars in 236 bytes} [Wed Nov  3 12:08:33 2021] OPTIONS / => generated 0 bytes in 0 msecs (RTSP/1.0 200) 3 headers in 105 bytes (0 switches on core 5)
[pid: 29058|app: 0|req: 21/51] 83.97.20.34 () {26 vars in 285 bytes} [Wed Nov  3 12:08:33 2021] GET / => generated 9404 bytes in 11 msecs (HTTP/1.1 200) 2 headers in 81 bytes (1 switches on core 4)
[pid: 29059|app: 0|req: 31/52] 209.17.96.178 () {26 vars in 352 bytes} [Wed Nov  3 13:30:13 2021] GET / => generated 9404 bytes in 11 msecs (HTTP/1.0 200) 2 headers in 81 bytes (1 switches on core 6)
[pid: 29058|app: 0|req: 22/53] 47.101.59.121 () {30 vars in 452 bytes} [Wed Nov  3 13:36:58 2021] GET / => generated 9404 bytes in 10 msecs (HTTP/1.1 200) 2 headers in 81 bytes (1 switches on core 7)
[pid: 29059|app: 0|req: 32/54] 47.101.59.121 () {30 vars in 485 bytes} [Wed Nov  3 13:36:59 2021] GET /static/test2.jpg => generated 85674 bytes in 1 msecs via sendfile() (HTTP/1.1 200) 6 headers in 225 bytes (0 switches on core 9)
[uwsgi-http key:  client_addr: 117.136.93.152 client_port: 17112] hr_read(): Connection reset by peer [plugins/http/http.c line 918]
[pid: 29059|app: 0|req: 33/55] 185.173.35.33 () {26 vars in 403 bytes} [Wed Nov  3 14:10:46 2021] GET / => generated 9404 bytes in 12 msecs (HTTP/1.1 200) 2 headers in 81 bytes (1 switches on core 9)
[uwsgi-http key:  client_addr: 117.136.93.152 client_port: 62175] hr_read(): Connection reset by peer [plugins/http/http.c line 918]
